<?xml version="1.0" encoding="UTF-8"?>
<!-- Generated by org.testng.reporters.JUnitReportReporter -->
<testsuite hostname="QT-INBG-LT0263" failures="0" tests="1" name="ppom.sup" time="12.744" errors="0" timestamp="2022-09-19T09:19:53 IST" skipped="0">
  <testcase classname="ppom.sup" name="signup" time="12.744"/>
  <system-out/>
</testsuite> <!-- ppom.sup -->
