<?xml version="1.0" encoding="UTF-8"?>
<!-- Generated by org.testng.reporters.JUnitReportReporter -->
<testsuite hostname="QT-INBG-LT0263" failures="0" tests="1" name="ppom.Signin" time="13.891" errors="0" timestamp="2022-09-19T09:15:59 IST" skipped="0">
  <testcase classname="ppom.Signin" name="signin" time="13.891"/>
  <system-out/>
</testsuite> <!-- ppom.Signin -->
